<?xml version="1.0" encoding="UTF-8"?>
<!-- Generated by org.testng.reporters.JUnitXMLReporter -->
<testsuite ignored="0" hostname="lz2-Lenovo-ideapad-110-15ISK" failures="0" tests="7" name="LoginTest" time="4.016" errors="0" timestamp="2026-03-10T16:45:51 IST">
  <testcase classname="com.erp.LoginTest" name="@BeforeMethod setupRole" time="0.111">
    <failure type="org.openqa.selenium.InvalidArgumentException" message="invalid argument
  (Session info: chrome=143.0.7499.192)
Build info: version: &amp;apos;4.39.0&amp;apos;, revision: &amp;apos;126f156aee&amp;apos;
System info: os.name: &amp;apos;Linux&amp;apos;, os.arch: &amp;apos;amd64&amp;apos;, os.version: &amp;apos;6.8.0-101-generic&amp;apos;, java.version: &amp;apos;11.0.30&amp;apos;
Driver info: org.openqa.selenium.chrome.ChromeDriver
Command: [6b24f33571d174ffd297f1a109bead15, get {url=null/login}]
Capabilities {acceptInsecureCerts: false, browserName: chrome, browserVersion: 143.0.7499.192, chrome: {chromedriverVersion: 143.0.7499.192 (be2c1f4fd45..., userDataDir: /tmp/.org.chromium.Chromium...}, fedcm:accounts: true, goog:chromeOptions: {debuggerAddress: localhost:45331}, goog:processID: 41332, networkConnectionEnabled: false, pageLoadStrategy: normal, platformName: linux, proxy: Proxy(), se:cdp: ws://localhost:45331/devtoo..., se:cdpVersion: 143.0.7499.192, setWindowRect: true, strictFileInteractability: false, timeouts: {implicit: 0, pageLoad: 300000, script: 30000}, unhandledPromptBehavior: dismiss and notify, webauthn:extension:credBlob: true, webauthn:extension:largeBlob: true, webauthn:extension:minPinLength: true, webauthn:extension:prf: true, webauthn:virtualAuthenticators: true}
Session ID: 6b24f33571d174ffd297f1a109bead15">
      <![CDATA[org.openqa.selenium.InvalidArgumentException: invalid argument
  (Session info: chrome=143.0.7499.192)
Build info: version: '4.39.0', revision: '126f156aee'
System info: os.name: 'Linux', os.arch: 'amd64', os.version: '6.8.0-101-generic', java.version: '11.0.30'
Driver info: org.openqa.selenium.chrome.ChromeDriver
Command: [6b24f33571d174ffd297f1a109bead15, get {url=null/login}]
Capabilities {acceptInsecureCerts: false, browserName: chrome, browserVersion: 143.0.7499.192, chrome: {chromedriverVersion: 143.0.7499.192 (be2c1f4fd45..., userDataDir: /tmp/.org.chromium.Chromium...}, fedcm:accounts: true, goog:chromeOptions: {debuggerAddress: localhost:45331}, goog:processID: 41332, networkConnectionEnabled: false, pageLoadStrategy: normal, platformName: linux, proxy: Proxy(), se:cdp: ws://localhost:45331/devtoo..., se:cdpVersion: 143.0.7499.192, setWindowRect: true, strictFileInteractability: false, timeouts: {implicit: 0, pageLoad: 300000, script: 30000}, unhandledPromptBehavior: dismiss and notify, webauthn:extension:credBlob: true, webauthn:extension:largeBlob: true, webauthn:extension:minPinLength: true, webauthn:extension:prf: true, webauthn:virtualAuthenticators: true}
Session ID: 6b24f33571d174ffd297f1a109bead15
at org.openqa.selenium.remote.ErrorCodec.decode(ErrorCodec.java:167)
at org.openqa.selenium.remote.codec.w3c.W3CHttpResponseCodec.decode(W3CHttpResponseCodec.java:142)
at org.openqa.selenium.remote.codec.w3c.W3CHttpResponseCodec.decode(W3CHttpResponseCodec.java:49)
at org.openqa.selenium.remote.HttpCommandExecutor.execute(HttpCommandExecutor.java:215)
at org.openqa.selenium.remote.service.DriverCommandExecutor.invokeExecute(DriverCommandExecutor.java:216)
at org.openqa.selenium.remote.service.DriverCommandExecutor.execute(DriverCommandExecutor.java:174)
at org.openqa.selenium.remote.RemoteWebDriver.execute(RemoteWebDriver.java:561)
at org.openqa.selenium.remote.RemoteWebDriver.get(RemoteWebDriver.java:329)
at com.erp.base.BaseTest.goTo(BaseTest.java:222)
at com.erp.LoginTest.setupRole(LoginTest.java:20)
at java.base/java.util.ArrayList.forEach(ArrayList.java:1541)
at java.base/java.util.concurrent.FutureTask.run(FutureTask.java:264)
at java.base/java.util.concurrent.ThreadPoolExecutor.runWorker(ThreadPoolExecutor.java:1128)
at java.base/java.util.concurrent.ThreadPoolExecutor$Worker.run(ThreadPoolExecutor.java:628)
at java.base/java.lang.Thread.run(Thread.java:829)
... Removed 25 stack frames]]>
    </failure>
  </testcase> <!-- @BeforeMethod setupRole -->
  <testcase classname="com.erp.base.BaseTest" name="@AfterMethod tearDown" time="0.0">
    <skipped/>
  </testcase> <!-- @AfterMethod tearDown -->
  <testcase classname="com.erp.base.BaseTest" name="@BeforeMethod setup" time="0.0">
    <skipped/>
  </testcase> <!-- @BeforeMethod setup -->
  <testcase classname="com.erp.LoginTest" name="@BeforeMethod setupRole" time="0.0">
    <skipped/>
  </testcase> <!-- @BeforeMethod setupRole -->
  <testcase classname="com.erp.base.BaseTest" name="@AfterMethod tearDown" time="0.0">
    <skipped/>
  </testcase> <!-- @AfterMethod tearDown -->
  <testcase classname="com.erp.base.BaseTest" name="@BeforeMethod setup" time="0.0">
    <skipped/>
  </testcase> <!-- @BeforeMethod setup -->
  <testcase classname="com.erp.LoginTest" name="@BeforeMethod setupRole" time="0.0">
    <skipped/>
  </testcase> <!-- @BeforeMethod setupRole -->
  <testcase classname="com.erp.base.BaseTest" name="@AfterMethod tearDown" time="0.0">
    <skipped/>
  </testcase> <!-- @AfterMethod tearDown -->
  <testcase classname="com.erp.base.BaseTest" name="@BeforeMethod setup" time="0.0">
    <skipped/>
  </testcase> <!-- @BeforeMethod setup -->
  <testcase classname="com.erp.LoginTest" name="@BeforeMethod setupRole" time="0.0">
    <skipped/>
  </testcase> <!-- @BeforeMethod setupRole -->
  <testcase classname="com.erp.base.BaseTest" name="@AfterMethod tearDown" time="0.0">
    <skipped/>
  </testcase> <!-- @AfterMethod tearDown -->
  <testcase classname="com.erp.base.BaseTest" name="@BeforeMethod setup" time="0.0">
    <skipped/>
  </testcase> <!-- @BeforeMethod setup -->
  <testcase classname="com.erp.LoginTest" name="@BeforeMethod setupRole" time="0.0">
    <skipped/>
  </testcase> <!-- @BeforeMethod setupRole -->
  <testcase classname="com.erp.base.BaseTest" name="@AfterMethod tearDown" time="0.0">
    <skipped/>
  </testcase> <!-- @AfterMethod tearDown -->
  <testcase classname="com.erp.base.BaseTest" name="@BeforeMethod setup" time="0.0">
    <skipped/>
  </testcase> <!-- @BeforeMethod setup -->
  <testcase classname="com.erp.LoginTest" name="@BeforeMethod setupRole" time="0.0">
    <skipped/>
  </testcase> <!-- @BeforeMethod setupRole -->
  <testcase classname="com.erp.base.BaseTest" name="@AfterMethod tearDown" time="0.0">
    <skipped/>
  </testcase> <!-- @AfterMethod tearDown -->
  <testcase classname="com.erp.base.BaseTest" name="@BeforeMethod setup" time="0.0">
    <skipped/>
  </testcase> <!-- @BeforeMethod setup -->
  <testcase classname="com.erp.LoginTest" name="@BeforeMethod setupRole" time="0.0">
    <skipped/>
  </testcase> <!-- @BeforeMethod setupRole -->
  <testcase classname="com.erp.base.BaseTest" name="@AfterMethod tearDown" time="0.0">
    <skipped/>
  </testcase> <!-- @AfterMethod tearDown -->
  <testcase classname="com.erp.LoginTest" name="TC_080_loginPageLoad" time="0.0">
    <skipped/>
  </testcase> <!-- TC_080_loginPageLoad -->
  <testcase classname="com.erp.LoginTest" name="TC_081_validLogin" time="0.0">
    <skipped/>
  </testcase> <!-- TC_081_validLogin -->
  <testcase classname="com.erp.LoginTest" name="TC_082_invalidPassword" time="0.0">
    <skipped/>
  </testcase> <!-- TC_082_invalidPassword -->
  <testcase classname="com.erp.LoginTest" name="TC_083_unregisteredEmail" time="0.001">
    <skipped/>
  </testcase> <!-- TC_083_unregisteredEmail -->
  <testcase classname="com.erp.LoginTest" name="TC_084_mandatoryValidation" time="0.0">
    <skipped/>
  </testcase> <!-- TC_084_mandatoryValidation -->
  <testcase classname="com.erp.LoginTest" name="TC_085_dashboardRestriction" time="0.0">
    <skipped/>
  </testcase> <!-- TC_085_dashboardRestriction -->
  <testcase classname="com.erp.LoginTest" name="TC_086_logout" time="0.0">
    <skipped/>
  </testcase> <!-- TC_086_logout -->
</testsuite> <!-- LoginTest -->
