<?xml version="1.0" encoding="UTF-8"?>
<!-- Generated by org.testng.reporters.JUnitReportReporter -->
<testsuite hostname="lz2-Lenovo-ideapad-110-15ISK" failures="0" tests="7" name="com.erp.LoginTest" time="0.034" errors="1" timestamp="2026-03-02T16:02:22 IST" skipped="6">
  <testcase classname="com.erp.LoginTest" name="TC_080_loginPageLoad" time="0.034">
    <error type="java.lang.NullPointerException">
      <![CDATA[java.lang.NullPointerException
at com.erp.LoginTest.TC_080_loginPageLoad(LoginTest.java:17)
at java.base/jdk.internal.reflect.NativeMethodAccessorImpl.invoke0(Native Method)
at java.base/jdk.internal.reflect.NativeMethodAccessorImpl.invoke(NativeMethodAccessorImpl.java:62)
at java.base/jdk.internal.reflect.DelegatingMethodAccessorImpl.invoke(DelegatingMethodAccessorImpl.java:43)
at java.base/java.lang.reflect.Method.invoke(Method.java:566)
at org.testng.internal.invokers.MethodInvocationHelper.invokeMethod(MethodInvocationHelper.java:141)
at org.testng.internal.invokers.MethodInvocationHelper.invokeMethodConsideringTimeout(MethodInvocationHelper.java:71)
at org.testng.internal.invokers.ConfigInvoker.invokeConfigurationMethod(ConfigInvoker.java:400)
at org.testng.internal.invokers.ConfigInvoker.invokeConfigurations(ConfigInvoker.java:333)
at org.testng.TestRunner.invokeTestConfigurations(TestRunner.java:657)
at org.testng.TestRunner.beforeRun(TestRunner.java:646)
at org.testng.TestRunner.run(TestRunner.java:612)
at org.testng.SuiteRunner.runTest(SuiteRunner.java:421)
at org.testng.SuiteRunner.runSequentially(SuiteRunner.java:413)
at org.testng.SuiteRunner.privateRun(SuiteRunner.java:373)
at org.testng.SuiteRunner.run(SuiteRunner.java:312)
at org.testng.SuiteRunnerWorker.runSuite(SuiteRunnerWorker.java:52)
at org.testng.SuiteRunnerWorker.run(SuiteRunnerWorker.java:95)
at org.testng.TestNG.runSuitesSequentially(TestNG.java:1274)
at org.testng.TestNG.runSuitesLocally(TestNG.java:1208)
at org.testng.TestNG.runSuites(TestNG.java:1112)
at org.testng.TestNG.run(TestNG.java:1079)
at org.testng.remote.AbstractRemoteTestNG.run(AbstractRemoteTestNG.java:115)
at org.testng.remote.RemoteTestNG.initAndRun(RemoteTestNG.java:293)
at org.testng.remote.RemoteTestNG.main(RemoteTestNG.java:91)
]]>
    </error>
  </testcase> <!-- TC_080_loginPageLoad -->
  <testcase classname="com.erp.LoginTest" name="TC_081_validLogin" time="0.000">
    <skipped/>
  </testcase> <!-- TC_081_validLogin -->
  <testcase classname="com.erp.LoginTest" name="TC_082_invalidPassword" time="0.000">
    <skipped/>
  </testcase> <!-- TC_082_invalidPassword -->
  <testcase classname="com.erp.LoginTest" name="TC_083_unregisteredEmail" time="0.000">
    <skipped/>
  </testcase> <!-- TC_083_unregisteredEmail -->
  <testcase classname="com.erp.LoginTest" name="TC_084_mandatoryValidation" time="0.000">
    <skipped/>
  </testcase> <!-- TC_084_mandatoryValidation -->
  <testcase classname="com.erp.LoginTest" name="TC_085_dashboardRestriction" time="0.000">
    <skipped/>
  </testcase> <!-- TC_085_dashboardRestriction -->
  <testcase classname="com.erp.LoginTest" name="TC_086_logout" time="0.000">
    <skipped/>
  </testcase> <!-- TC_086_logout -->
</testsuite> <!-- com.erp.LoginTest -->
