<?xml version="1.0" encoding="UTF-8"?>
<!-- Generated by org.testng.reporters.JUnitXMLReporter -->
<testsuite ignored="0" hostname="lz2-Lenovo-ideapad-110-15ISK" failures="0" tests="44" name="Signup-Chrome" time="4.877" errors="0" timestamp="2026-03-06T12:37:17 IST">
  <testcase classname="com.erp.base.BaseTest" name="@BeforeMethod setup" time="1.31">
    <failure type="io.github.bonigarcia.wdm.config.WebDriverManagerException" message="io.github.bonigarcia.wdm.config.WebDriverManagerException: java.net.UnknownHostException: msedgedriver.azureedge.net">
      <![CDATA[io.github.bonigarcia.wdm.config.WebDriverManagerException: io.github.bonigarcia.wdm.config.WebDriverManagerException: java.net.UnknownHostException: msedgedriver.azureedge.net
at io.github.bonigarcia.wdm.WebDriverManager.handleException(WebDriverManager.java:1409)
at io.github.bonigarcia.wdm.WebDriverManager.manage(WebDriverManager.java:1183)
at io.github.bonigarcia.wdm.WebDriverManager.fallback(WebDriverManager.java:1425)
at io.github.bonigarcia.wdm.WebDriverManager.handleException(WebDriverManager.java:1406)
at io.github.bonigarcia.wdm.WebDriverManager.manage(WebDriverManager.java:1183)
at io.github.bonigarcia.wdm.WebDriverManager.handleException(WebDriverManager.java:1399)
at io.github.bonigarcia.wdm.WebDriverManager.manage(WebDriverManager.java:1183)
at io.github.bonigarcia.wdm.WebDriverManager.setup(WebDriverManager.java:425)
at com.erp.base.BaseTest.setup(BaseTest.java:79)
at java.base/java.util.ArrayList.forEach(ArrayList.java:1541)
at java.base/java.util.concurrent.FutureTask.run(FutureTask.java:264)
at java.base/java.util.concurrent.ThreadPoolExecutor.runWorker(ThreadPoolExecutor.java:1128)
at java.base/java.util.concurrent.ThreadPoolExecutor$Worker.run(ThreadPoolExecutor.java:628)
at java.base/java.lang.Thread.run(Thread.java:829)
Caused by: io.github.bonigarcia.wdm.config.WebDriverManagerException: java.net.UnknownHostException: msedgedriver.azureedge.net
at io.github.bonigarcia.wdm.WebDriverManager.getDriversFromXml(WebDriverManager.java:1562)
at io.github.bonigarcia.wdm.managers.EdgeDriverManager.getDriverUrls(EdgeDriverManager.java:115)
at io.github.bonigarcia.wdm.WebDriverManager.createUrlHandler(WebDriverManager.java:1430)
at io.github.bonigarcia.wdm.WebDriverManager.download(WebDriverManager.java:1258)
at io.github.bonigarcia.wdm.WebDriverManager.manage(WebDriverManager.java:1177)
... 33 more
Caused by: java.net.UnknownHostException: msedgedriver.azureedge.net
at java.base/java.net.InetAddress$CachedAddresses.get(InetAddress.java:797)
at java.base/java.net.InetAddress.getAllByName0(InetAddress.java:1533)
at java.base/java.net.InetAddress.getAllByName(InetAddress.java:1386)
at java.base/java.net.InetAddress.getAllByName(InetAddress.java:1307)
at org.apache.hc.client5.http.SystemDefaultDnsResolver.resolve(SystemDefaultDnsResolver.java:43)
at org.apache.hc.client5.http.impl.io.DefaultHttpClientConnectionOperator.connect(DefaultHttpClientConnectionOperator.java:141)
at org.apache.hc.client5.http.impl.io.PoolingHttpClientConnectionManager.connect(PoolingHttpClientConnectionManager.java:447)
at org.apache.hc.client5.http.impl.classic.InternalExecRuntime.connectEndpoint(InternalExecRuntime.java:162)
at org.apache.hc.client5.http.impl.classic.InternalExecRuntime.connectEndpoint(InternalExecRuntime.java:172)
at org.apache.hc.client5.http.impl.classic.ConnectExec.execute(ConnectExec.java:142)
at org.apache.hc.client5.http.impl.classic.ExecChainElement.execute(ExecChainElement.java:51)
at org.apache.hc.client5.http.impl.classic.ProtocolExec.execute(ProtocolExec.java:192)
at org.apache.hc.client5.http.impl.classic.ExecChainElement.execute(ExecChainElement.java:51)
at org.apache.hc.client5.http.impl.classic.HttpRequestRetryExec.execute(HttpRequestRetryExec.java:96)
at org.apache.hc.client5.http.impl.classic.ExecChainElement.execute(ExecChainElement.java:51)
at org.apache.hc.client5.http.impl.classic.ContentCompressionExec.execute(ContentCompressionExec.java:152)
at org.apache.hc.client5.http.impl.classic.ExecChainElement.execute(ExecChainElement.java:51)
at org.apache.hc.client5.http.impl.classic.RedirectExec.execute(RedirectExec.java:115)
at org.apache.hc.client5.http.impl.classic.ExecChainElement.execute(ExecChainElement.java:51)
at org.apache.hc.client5.http.impl.classic.InternalHttpClient.doExecute(InternalHttpClient.java:170)
at org.apache.hc.client5.http.impl.classic.CloseableHttpClient.execute(CloseableHttpClient.java:87)
at org.apache.hc.client5.http.impl.classic.CloseableHttpClient.execute(CloseableHttpClient.java:55)
at org.apache.hc.client5.http.classic.HttpClient.executeOpen(HttpClient.java:183)
at io.github.bonigarcia.wdm.online.HttpClient.execute(HttpClient.java:162)
at io.github.bonigarcia.wdm.WebDriverManager.getDriversFromXml(WebDriverManager.java:1547)
... 37 more
... Removed 21 stack frames]]>
    </failure>
  </testcase> <!-- @BeforeMethod setup -->
  <testcase classname="com.erp.Signup" name="@BeforeMethod goToSignupPage" time="0.0">
    <skipped/>
  </testcase> <!-- @BeforeMethod goToSignupPage -->
  <testcase classname="com.erp.base.BaseTest" name="@AfterMethod tearDown" time="0.0">
    <skipped/>
  </testcase> <!-- @AfterMethod tearDown -->
  <testcase classname="com.erp.base.BaseTest" name="@BeforeMethod setup" time="0.0">
    <skipped/>
  </testcase> <!-- @BeforeMethod setup -->
  <testcase classname="com.erp.Signup" name="@BeforeMethod goToSignupPage" time="0.0">
    <skipped/>
  </testcase> <!-- @BeforeMethod goToSignupPage -->
  <testcase classname="com.erp.base.BaseTest" name="@AfterMethod tearDown" time="0.0">
    <skipped/>
  </testcase> <!-- @AfterMethod tearDown -->
  <testcase classname="com.erp.base.BaseTest" name="@BeforeMethod setup" time="0.0">
    <skipped/>
  </testcase> <!-- @BeforeMethod setup -->
  <testcase classname="com.erp.Signup" name="@BeforeMethod goToSignupPage" time="0.0">
    <skipped/>
  </testcase> <!-- @BeforeMethod goToSignupPage -->
  <testcase classname="com.erp.base.BaseTest" name="@AfterMethod tearDown" time="0.0">
    <skipped/>
  </testcase> <!-- @AfterMethod tearDown -->
  <testcase classname="com.erp.base.BaseTest" name="@BeforeMethod setup" time="0.0">
    <skipped/>
  </testcase> <!-- @BeforeMethod setup -->
  <testcase classname="com.erp.Signup" name="@BeforeMethod goToSignupPage" time="0.0">
    <skipped/>
  </testcase> <!-- @BeforeMethod goToSignupPage -->
  <testcase classname="com.erp.base.BaseTest" name="@AfterMethod tearDown" time="0.0">
    <skipped/>
  </testcase> <!-- @AfterMethod tearDown -->
  <testcase classname="com.erp.base.BaseTest" name="@BeforeMethod setup" time="0.0">
    <skipped/>
  </testcase> <!-- @BeforeMethod setup -->
  <testcase classname="com.erp.Signup" name="@BeforeMethod goToSignupPage" time="0.0">
    <skipped/>
  </testcase> <!-- @BeforeMethod goToSignupPage -->
  <testcase classname="com.erp.base.BaseTest" name="@AfterMethod tearDown" time="0.0">
    <skipped/>
  </testcase> <!-- @AfterMethod tearDown -->
  <testcase classname="com.erp.base.BaseTest" name="@BeforeMethod setup" time="0.0">
    <skipped/>
  </testcase> <!-- @BeforeMethod setup -->
  <testcase classname="com.erp.Signup" name="@BeforeMethod goToSignupPage" time="0.0">
    <skipped/>
  </testcase> <!-- @BeforeMethod goToSignupPage -->
  <testcase classname="com.erp.base.BaseTest" name="@AfterMethod tearDown" time="0.0">
    <skipped/>
  </testcase> <!-- @AfterMethod tearDown -->
  <testcase classname="com.erp.base.BaseTest" name="@BeforeMethod setup" time="0.0">
    <skipped/>
  </testcase> <!-- @BeforeMethod setup -->
  <testcase classname="com.erp.Signup" name="@BeforeMethod goToSignupPage" time="0.0">
    <skipped/>
  </testcase> <!-- @BeforeMethod goToSignupPage -->
  <testcase classname="com.erp.base.BaseTest" name="@AfterMethod tearDown" time="0.0">
    <skipped/>
  </testcase> <!-- @AfterMethod tearDown -->
  <testcase classname="com.erp.base.BaseTest" name="@BeforeMethod setup" time="0.0">
    <skipped/>
  </testcase> <!-- @BeforeMethod setup -->
  <testcase classname="com.erp.Signup" name="@BeforeMethod goToSignupPage" time="0.0">
    <skipped/>
  </testcase> <!-- @BeforeMethod goToSignupPage -->
  <testcase classname="com.erp.base.BaseTest" name="@AfterMethod tearDown" time="0.0">
    <skipped/>
  </testcase> <!-- @AfterMethod tearDown -->
  <testcase classname="com.erp.base.BaseTest" name="@BeforeMethod setup" time="0.0">
    <skipped/>
  </testcase> <!-- @BeforeMethod setup -->
  <testcase classname="com.erp.Signup" name="@BeforeMethod goToSignupPage" time="0.0">
    <skipped/>
  </testcase> <!-- @BeforeMethod goToSignupPage -->
  <testcase classname="com.erp.base.BaseTest" name="@AfterMethod tearDown" time="0.0">
    <skipped/>
  </testcase> <!-- @AfterMethod tearDown -->
  <testcase classname="com.erp.base.BaseTest" name="@BeforeMethod setup" time="0.0">
    <skipped/>
  </testcase> <!-- @BeforeMethod setup -->
  <testcase classname="com.erp.Signup" name="@BeforeMethod goToSignupPage" time="0.0">
    <skipped/>
  </testcase> <!-- @BeforeMethod goToSignupPage -->
  <testcase classname="com.erp.base.BaseTest" name="@AfterMethod tearDown" time="0.0">
    <skipped/>
  </testcase> <!-- @AfterMethod tearDown -->
  <testcase classname="com.erp.base.BaseTest" name="@BeforeMethod setup" time="0.0">
    <skipped/>
  </testcase> <!-- @BeforeMethod setup -->
  <testcase classname="com.erp.Signup" name="@BeforeMethod goToSignupPage" time="0.0">
    <skipped/>
  </testcase> <!-- @BeforeMethod goToSignupPage -->
  <testcase classname="com.erp.base.BaseTest" name="@AfterMethod tearDown" time="0.0">
    <skipped/>
  </testcase> <!-- @AfterMethod tearDown -->
  <testcase classname="com.erp.base.BaseTest" name="@BeforeMethod setup" time="0.0">
    <skipped/>
  </testcase> <!-- @BeforeMethod setup -->
  <testcase classname="com.erp.Signup" name="@BeforeMethod goToSignupPage" time="0.0">
    <skipped/>
  </testcase> <!-- @BeforeMethod goToSignupPage -->
  <testcase classname="com.erp.base.BaseTest" name="@AfterMethod tearDown" time="0.0">
    <skipped/>
  </testcase> <!-- @AfterMethod tearDown -->
  <testcase classname="com.erp.base.BaseTest" name="@BeforeMethod setup" time="0.0">
    <skipped/>
  </testcase> <!-- @BeforeMethod setup -->
  <testcase classname="com.erp.Signup" name="@BeforeMethod goToSignupPage" time="0.0">
    <skipped/>
  </testcase> <!-- @BeforeMethod goToSignupPage -->
  <testcase classname="com.erp.base.BaseTest" name="@AfterMethod tearDown" time="0.0">
    <skipped/>
  </testcase> <!-- @AfterMethod tearDown -->
  <testcase classname="com.erp.base.BaseTest" name="@BeforeMethod setup" time="0.0">
    <skipped/>
  </testcase> <!-- @BeforeMethod setup -->
  <testcase classname="com.erp.Signup" name="@BeforeMethod goToSignupPage" time="0.0">
    <skipped/>
  </testcase> <!-- @BeforeMethod goToSignupPage -->
  <testcase classname="com.erp.base.BaseTest" name="@AfterMethod tearDown" time="0.0">
    <skipped/>
  </testcase> <!-- @AfterMethod tearDown -->
  <testcase classname="com.erp.base.BaseTest" name="@BeforeMethod setup" time="0.0">
    <skipped/>
  </testcase> <!-- @BeforeMethod setup -->
  <testcase classname="com.erp.Signup" name="@BeforeMethod goToSignupPage" time="0.0">
    <skipped/>
  </testcase> <!-- @BeforeMethod goToSignupPage -->
  <testcase classname="com.erp.base.BaseTest" name="@AfterMethod tearDown" time="0.0">
    <skipped/>
  </testcase> <!-- @AfterMethod tearDown -->
  <testcase classname="com.erp.base.BaseTest" name="@BeforeMethod setup" time="0.0">
    <skipped/>
  </testcase> <!-- @BeforeMethod setup -->
  <testcase classname="com.erp.Signup" name="@BeforeMethod goToSignupPage" time="0.0">
    <skipped/>
  </testcase> <!-- @BeforeMethod goToSignupPage -->
  <testcase classname="com.erp.base.BaseTest" name="@AfterMethod tearDown" time="0.0">
    <skipped/>
  </testcase> <!-- @AfterMethod tearDown -->
  <testcase classname="com.erp.base.BaseTest" name="@BeforeMethod setup" time="0.0">
    <skipped/>
  </testcase> <!-- @BeforeMethod setup -->
  <testcase classname="com.erp.Signup" name="@BeforeMethod goToSignupPage" time="0.0">
    <skipped/>
  </testcase> <!-- @BeforeMethod goToSignupPage -->
  <testcase classname="com.erp.base.BaseTest" name="@AfterMethod tearDown" time="0.0">
    <skipped/>
  </testcase> <!-- @AfterMethod tearDown -->
  <testcase classname="com.erp.base.BaseTest" name="@BeforeMethod setup" time="0.0">
    <skipped/>
  </testcase> <!-- @BeforeMethod setup -->
  <testcase classname="com.erp.Signup" name="@BeforeMethod goToSignupPage" time="0.0">
    <skipped/>
  </testcase> <!-- @BeforeMethod goToSignupPage -->
  <testcase classname="com.erp.base.BaseTest" name="@AfterMethod tearDown" time="0.0">
    <skipped/>
  </testcase> <!-- @AfterMethod tearDown -->
  <testcase classname="com.erp.base.BaseTest" name="@BeforeMethod setup" time="0.0">
    <skipped/>
  </testcase> <!-- @BeforeMethod setup -->
  <testcase classname="com.erp.Signup" name="@BeforeMethod goToSignupPage" time="0.0">
    <skipped/>
  </testcase> <!-- @BeforeMethod goToSignupPage -->
  <testcase classname="com.erp.base.BaseTest" name="@AfterMethod tearDown" time="0.0">
    <skipped/>
  </testcase> <!-- @AfterMethod tearDown -->
  <testcase classname="com.erp.base.BaseTest" name="@BeforeMethod setup" time="0.0">
    <skipped/>
  </testcase> <!-- @BeforeMethod setup -->
  <testcase classname="com.erp.Signup" name="@BeforeMethod goToSignupPage" time="0.0">
    <skipped/>
  </testcase> <!-- @BeforeMethod goToSignupPage -->
  <testcase classname="com.erp.base.BaseTest" name="@AfterMethod tearDown" time="0.0">
    <skipped/>
  </testcase> <!-- @AfterMethod tearDown -->
  <testcase classname="com.erp.base.BaseTest" name="@BeforeMethod setup" time="0.0">
    <skipped/>
  </testcase> <!-- @BeforeMethod setup -->
  <testcase classname="com.erp.Signup" name="@BeforeMethod goToSignupPage" time="0.0">
    <skipped/>
  </testcase> <!-- @BeforeMethod goToSignupPage -->
  <testcase classname="com.erp.base.BaseTest" name="@AfterMethod tearDown" time="0.0">
    <skipped/>
  </testcase> <!-- @AfterMethod tearDown -->
  <testcase classname="com.erp.base.BaseTest" name="@BeforeMethod setup" time="0.0">
    <skipped/>
  </testcase> <!-- @BeforeMethod setup -->
  <testcase classname="com.erp.Signup" name="@BeforeMethod goToSignupPage" time="0.0">
    <skipped/>
  </testcase> <!-- @BeforeMethod goToSignupPage -->
  <testcase classname="com.erp.base.BaseTest" name="@AfterMethod tearDown" time="0.0">
    <skipped/>
  </testcase> <!-- @AfterMethod tearDown -->
  <testcase classname="com.erp.base.BaseTest" name="@BeforeMethod setup" time="0.0">
    <skipped/>
  </testcase> <!-- @BeforeMethod setup -->
  <testcase classname="com.erp.Signup" name="@BeforeMethod goToSignupPage" time="0.0">
    <skipped/>
  </testcase> <!-- @BeforeMethod goToSignupPage -->
  <testcase classname="com.erp.base.BaseTest" name="@AfterMethod tearDown" time="0.0">
    <skipped/>
  </testcase> <!-- @AfterMethod tearDown -->
  <testcase classname="com.erp.base.BaseTest" name="@BeforeMethod setup" time="0.0">
    <skipped/>
  </testcase> <!-- @BeforeMethod setup -->
  <testcase classname="com.erp.Signup" name="@BeforeMethod goToSignupPage" time="0.0">
    <skipped/>
  </testcase> <!-- @BeforeMethod goToSignupPage -->
  <testcase classname="com.erp.base.BaseTest" name="@AfterMethod tearDown" time="0.0">
    <skipped/>
  </testcase> <!-- @AfterMethod tearDown -->
  <testcase classname="com.erp.base.BaseTest" name="@BeforeMethod setup" time="0.0">
    <skipped/>
  </testcase> <!-- @BeforeMethod setup -->
  <testcase classname="com.erp.Signup" name="@BeforeMethod goToSignupPage" time="0.0">
    <skipped/>
  </testcase> <!-- @BeforeMethod goToSignupPage -->
  <testcase classname="com.erp.base.BaseTest" name="@AfterMethod tearDown" time="0.0">
    <skipped/>
  </testcase> <!-- @AfterMethod tearDown -->
  <testcase classname="com.erp.base.BaseTest" name="@BeforeMethod setup" time="0.0">
    <skipped/>
  </testcase> <!-- @BeforeMethod setup -->
  <testcase classname="com.erp.Signup" name="@BeforeMethod goToSignupPage" time="0.0">
    <skipped/>
  </testcase> <!-- @BeforeMethod goToSignupPage -->
  <testcase classname="com.erp.base.BaseTest" name="@AfterMethod tearDown" time="0.0">
    <skipped/>
  </testcase> <!-- @AfterMethod tearDown -->
  <testcase classname="com.erp.base.BaseTest" name="@BeforeMethod setup" time="0.0">
    <skipped/>
  </testcase> <!-- @BeforeMethod setup -->
  <testcase classname="com.erp.Signup" name="@BeforeMethod goToSignupPage" time="0.0">
    <skipped/>
  </testcase> <!-- @BeforeMethod goToSignupPage -->
  <testcase classname="com.erp.base.BaseTest" name="@AfterMethod tearDown" time="0.0">
    <skipped/>
  </testcase> <!-- @AfterMethod tearDown -->
  <testcase classname="com.erp.base.BaseTest" name="@BeforeMethod setup" time="0.0">
    <skipped/>
  </testcase> <!-- @BeforeMethod setup -->
  <testcase classname="com.erp.Signup" name="@BeforeMethod goToSignupPage" time="0.0">
    <skipped/>
  </testcase> <!-- @BeforeMethod goToSignupPage -->
  <testcase classname="com.erp.base.BaseTest" name="@AfterMethod tearDown" time="0.0">
    <skipped/>
  </testcase> <!-- @AfterMethod tearDown -->
  <testcase classname="com.erp.base.BaseTest" name="@BeforeMethod setup" time="0.0">
    <skipped/>
  </testcase> <!-- @BeforeMethod setup -->
  <testcase classname="com.erp.Signup" name="@BeforeMethod goToSignupPage" time="0.0">
    <skipped/>
  </testcase> <!-- @BeforeMethod goToSignupPage -->
  <testcase classname="com.erp.base.BaseTest" name="@AfterMethod tearDown" time="0.0">
    <skipped/>
  </testcase> <!-- @AfterMethod tearDown -->
  <testcase classname="com.erp.base.BaseTest" name="@BeforeMethod setup" time="0.0">
    <skipped/>
  </testcase> <!-- @BeforeMethod setup -->
  <testcase classname="com.erp.Signup" name="@BeforeMethod goToSignupPage" time="0.0">
    <skipped/>
  </testcase> <!-- @BeforeMethod goToSignupPage -->
  <testcase classname="com.erp.base.BaseTest" name="@AfterMethod tearDown" time="0.0">
    <skipped/>
  </testcase> <!-- @AfterMethod tearDown -->
  <testcase classname="com.erp.base.BaseTest" name="@BeforeMethod setup" time="0.0">
    <skipped/>
  </testcase> <!-- @BeforeMethod setup -->
  <testcase classname="com.erp.Signup" name="@BeforeMethod goToSignupPage" time="0.0">
    <skipped/>
  </testcase> <!-- @BeforeMethod goToSignupPage -->
  <testcase classname="com.erp.base.BaseTest" name="@AfterMethod tearDown" time="0.0">
    <skipped/>
  </testcase> <!-- @AfterMethod tearDown -->
  <testcase classname="com.erp.base.BaseTest" name="@BeforeMethod setup" time="0.0">
    <skipped/>
  </testcase> <!-- @BeforeMethod setup -->
  <testcase classname="com.erp.Signup" name="@BeforeMethod goToSignupPage" time="0.0">
    <skipped/>
  </testcase> <!-- @BeforeMethod goToSignupPage -->
  <testcase classname="com.erp.base.BaseTest" name="@AfterMethod tearDown" time="0.0">
    <skipped/>
  </testcase> <!-- @AfterMethod tearDown -->
  <testcase classname="com.erp.base.BaseTest" name="@BeforeMethod setup" time="0.0">
    <skipped/>
  </testcase> <!-- @BeforeMethod setup -->
  <testcase classname="com.erp.Signup" name="@BeforeMethod goToSignupPage" time="0.0">
    <skipped/>
  </testcase> <!-- @BeforeMethod goToSignupPage -->
  <testcase classname="com.erp.base.BaseTest" name="@AfterMethod tearDown" time="0.0">
    <skipped/>
  </testcase> <!-- @AfterMethod tearDown -->
  <testcase classname="com.erp.base.BaseTest" name="@BeforeMethod setup" time="0.0">
    <skipped/>
  </testcase> <!-- @BeforeMethod setup -->
  <testcase classname="com.erp.Signup" name="@BeforeMethod goToSignupPage" time="0.0">
    <skipped/>
  </testcase> <!-- @BeforeMethod goToSignupPage -->
  <testcase classname="com.erp.base.BaseTest" name="@AfterMethod tearDown" time="0.0">
    <skipped/>
  </testcase> <!-- @AfterMethod tearDown -->
  <testcase classname="com.erp.base.BaseTest" name="@BeforeMethod setup" time="0.0">
    <skipped/>
  </testcase> <!-- @BeforeMethod setup -->
  <testcase classname="com.erp.Signup" name="@BeforeMethod goToSignupPage" time="0.0">
    <skipped/>
  </testcase> <!-- @BeforeMethod goToSignupPage -->
  <testcase classname="com.erp.base.BaseTest" name="@AfterMethod tearDown" time="0.0">
    <skipped/>
  </testcase> <!-- @AfterMethod tearDown -->
  <testcase classname="com.erp.base.BaseTest" name="@BeforeMethod setup" time="0.0">
    <skipped/>
  </testcase> <!-- @BeforeMethod setup -->
  <testcase classname="com.erp.Signup" name="@BeforeMethod goToSignupPage" time="0.0">
    <skipped/>
  </testcase> <!-- @BeforeMethod goToSignupPage -->
  <testcase classname="com.erp.base.BaseTest" name="@AfterMethod tearDown" time="0.0">
    <skipped/>
  </testcase> <!-- @AfterMethod tearDown -->
  <testcase classname="com.erp.base.BaseTest" name="@BeforeMethod setup" time="0.0">
    <skipped/>
  </testcase> <!-- @BeforeMethod setup -->
  <testcase classname="com.erp.Signup" name="@BeforeMethod goToSignupPage" time="0.0">
    <skipped/>
  </testcase> <!-- @BeforeMethod goToSignupPage -->
  <testcase classname="com.erp.base.BaseTest" name="@AfterMethod tearDown" time="0.0">
    <skipped/>
  </testcase> <!-- @AfterMethod tearDown -->
  <testcase classname="com.erp.base.BaseTest" name="@BeforeMethod setup" time="0.0">
    <skipped/>
  </testcase> <!-- @BeforeMethod setup -->
  <testcase classname="com.erp.Signup" name="@BeforeMethod goToSignupPage" time="0.0">
    <skipped/>
  </testcase> <!-- @BeforeMethod goToSignupPage -->
  <testcase classname="com.erp.base.BaseTest" name="@AfterMethod tearDown" time="0.0">
    <skipped/>
  </testcase> <!-- @AfterMethod tearDown -->
  <testcase classname="com.erp.base.BaseTest" name="@BeforeMethod setup" time="0.0">
    <skipped/>
  </testcase> <!-- @BeforeMethod setup -->
  <testcase classname="com.erp.Signup" name="@BeforeMethod goToSignupPage" time="0.0">
    <skipped/>
  </testcase> <!-- @BeforeMethod goToSignupPage -->
  <testcase classname="com.erp.base.BaseTest" name="@AfterMethod tearDown" time="0.0">
    <skipped/>
  </testcase> <!-- @AfterMethod tearDown -->
  <testcase classname="com.erp.base.BaseTest" name="@BeforeMethod setup" time="0.0">
    <skipped/>
  </testcase> <!-- @BeforeMethod setup -->
  <testcase classname="com.erp.Signup" name="@BeforeMethod goToSignupPage" time="0.0">
    <skipped/>
  </testcase> <!-- @BeforeMethod goToSignupPage -->
  <testcase classname="com.erp.base.BaseTest" name="@AfterMethod tearDown" time="0.0">
    <skipped/>
  </testcase> <!-- @AfterMethod tearDown -->
  <testcase classname="com.erp.base.BaseTest" name="@BeforeMethod setup" time="0.0">
    <skipped/>
  </testcase> <!-- @BeforeMethod setup -->
  <testcase classname="com.erp.Signup" name="@BeforeMethod goToSignupPage" time="0.0">
    <skipped/>
  </testcase> <!-- @BeforeMethod goToSignupPage -->
  <testcase classname="com.erp.base.BaseTest" name="@AfterMethod tearDown" time="0.0">
    <skipped/>
  </testcase> <!-- @AfterMethod tearDown -->
  <testcase classname="com.erp.base.BaseTest" name="@BeforeMethod setup" time="0.0">
    <skipped/>
  </testcase> <!-- @BeforeMethod setup -->
  <testcase classname="com.erp.Signup" name="@BeforeMethod goToSignupPage" time="0.0">
    <skipped/>
  </testcase> <!-- @BeforeMethod goToSignupPage -->
  <testcase classname="com.erp.base.BaseTest" name="@AfterMethod tearDown" time="0.0">
    <skipped/>
  </testcase> <!-- @AfterMethod tearDown -->
  <testcase classname="com.erp.base.BaseTest" name="@BeforeMethod setup" time="0.0">
    <skipped/>
  </testcase> <!-- @BeforeMethod setup -->
  <testcase classname="com.erp.Signup" name="@BeforeMethod goToSignupPage" time="0.0">
    <skipped/>
  </testcase> <!-- @BeforeMethod goToSignupPage -->
  <testcase classname="com.erp.base.BaseTest" name="@AfterMethod tearDown" time="0.0">
    <skipped/>
  </testcase> <!-- @AfterMethod tearDown -->
  <testcase classname="com.erp.base.BaseTest" name="@BeforeMethod setup" time="0.0">
    <skipped/>
  </testcase> <!-- @BeforeMethod setup -->
  <testcase classname="com.erp.Signup" name="@BeforeMethod goToSignupPage" time="0.0">
    <skipped/>
  </testcase> <!-- @BeforeMethod goToSignupPage -->
  <testcase classname="com.erp.base.BaseTest" name="@AfterMethod tearDown" time="0.0">
    <skipped/>
  </testcase> <!-- @AfterMethod tearDown -->
  <testcase classname="com.erp.Signup" name="@BeforeMethod goToSignupPage" time="0.097">
    <failure type="org.openqa.selenium.InvalidArgumentException" message="invalid argument
  (Session info: chrome=143.0.7499.192)
Build info: version: &amp;apos;4.39.0&amp;apos;, revision: &amp;apos;126f156aee&amp;apos;
System info: os.name: &amp;apos;Linux&amp;apos;, os.arch: &amp;apos;amd64&amp;apos;, os.version: &amp;apos;6.8.0-101-generic&amp;apos;, java.version: &amp;apos;11.0.30&amp;apos;
Driver info: org.openqa.selenium.chrome.ChromeDriver
Command: [9254fc16b50d7089249d4a32bf15282e, get {url=null/signup}]
Capabilities {acceptInsecureCerts: false, browserName: chrome, browserVersion: 143.0.7499.192, chrome: {chromedriverVersion: 143.0.7499.192 (be2c1f4fd45..., userDataDir: /tmp/.org.chromium.Chromium...}, fedcm:accounts: true, goog:chromeOptions: {debuggerAddress: localhost:36021}, goog:processID: 19559, networkConnectionEnabled: false, pageLoadStrategy: normal, platformName: linux, proxy: Proxy(), se:cdp: ws://localhost:36021/devtoo..., se:cdpVersion: 143.0.7499.192, setWindowRect: true, strictFileInteractability: false, timeouts: {implicit: 0, pageLoad: 300000, script: 30000}, unhandledPromptBehavior: dismiss and notify, webauthn:extension:credBlob: true, webauthn:extension:largeBlob: true, webauthn:extension:minPinLength: true, webauthn:extension:prf: true, webauthn:virtualAuthenticators: true}
Session ID: 9254fc16b50d7089249d4a32bf15282e">
      <![CDATA[org.openqa.selenium.InvalidArgumentException: invalid argument
  (Session info: chrome=143.0.7499.192)
Build info: version: '4.39.0', revision: '126f156aee'
System info: os.name: 'Linux', os.arch: 'amd64', os.version: '6.8.0-101-generic', java.version: '11.0.30'
Driver info: org.openqa.selenium.chrome.ChromeDriver
Command: [9254fc16b50d7089249d4a32bf15282e, get {url=null/signup}]
Capabilities {acceptInsecureCerts: false, browserName: chrome, browserVersion: 143.0.7499.192, chrome: {chromedriverVersion: 143.0.7499.192 (be2c1f4fd45..., userDataDir: /tmp/.org.chromium.Chromium...}, fedcm:accounts: true, goog:chromeOptions: {debuggerAddress: localhost:36021}, goog:processID: 19559, networkConnectionEnabled: false, pageLoadStrategy: normal, platformName: linux, proxy: Proxy(), se:cdp: ws://localhost:36021/devtoo..., se:cdpVersion: 143.0.7499.192, setWindowRect: true, strictFileInteractability: false, timeouts: {implicit: 0, pageLoad: 300000, script: 30000}, unhandledPromptBehavior: dismiss and notify, webauthn:extension:credBlob: true, webauthn:extension:largeBlob: true, webauthn:extension:minPinLength: true, webauthn:extension:prf: true, webauthn:virtualAuthenticators: true}
Session ID: 9254fc16b50d7089249d4a32bf15282e
at org.openqa.selenium.remote.ErrorCodec.decode(ErrorCodec.java:167)
at org.openqa.selenium.remote.codec.w3c.W3CHttpResponseCodec.decode(W3CHttpResponseCodec.java:142)
at org.openqa.selenium.remote.codec.w3c.W3CHttpResponseCodec.decode(W3CHttpResponseCodec.java:49)
at org.openqa.selenium.remote.HttpCommandExecutor.execute(HttpCommandExecutor.java:215)
at org.openqa.selenium.remote.service.DriverCommandExecutor.invokeExecute(DriverCommandExecutor.java:216)
at org.openqa.selenium.remote.service.DriverCommandExecutor.execute(DriverCommandExecutor.java:174)
at org.openqa.selenium.remote.RemoteWebDriver.execute(RemoteWebDriver.java:561)
at org.openqa.selenium.remote.RemoteWebDriver.get(RemoteWebDriver.java:329)
at com.erp.base.BaseTest.goTo(BaseTest.java:147)
at com.erp.Signup.goToSignupPage(Signup.java:27)
at java.base/java.util.ArrayList.forEach(ArrayList.java:1541)
at java.base/java.util.concurrent.FutureTask.run(FutureTask.java:264)
at java.base/java.util.concurrent.ThreadPoolExecutor.runWorker(ThreadPoolExecutor.java:1128)
at java.base/java.util.concurrent.ThreadPoolExecutor$Worker.run(ThreadPoolExecutor.java:628)
at java.base/java.lang.Thread.run(Thread.java:829)
... Removed 25 stack frames]]>
    </failure>
  </testcase> <!-- @BeforeMethod goToSignupPage -->
  <testcase classname="com.erp.base.BaseTest" name="@AfterMethod tearDown" time="0.0">
    <skipped/>
  </testcase> <!-- @AfterMethod tearDown -->
  <testcase classname="com.erp.base.BaseTest" name="@BeforeMethod setup" time="0.0">
    <skipped/>
  </testcase> <!-- @BeforeMethod setup -->
  <testcase classname="com.erp.Signup" name="@BeforeMethod goToSignupPage" time="0.0">
    <skipped/>
  </testcase> <!-- @BeforeMethod goToSignupPage -->
  <testcase classname="com.erp.base.BaseTest" name="@AfterMethod tearDown" time="0.0">
    <skipped/>
  </testcase> <!-- @AfterMethod tearDown -->
  <testcase classname="com.erp.base.BaseTest" name="@BeforeMethod setup" time="0.0">
    <skipped/>
  </testcase> <!-- @BeforeMethod setup -->
  <testcase classname="com.erp.Signup" name="@BeforeMethod goToSignupPage" time="0.0">
    <skipped/>
  </testcase> <!-- @BeforeMethod goToSignupPage -->
  <testcase classname="com.erp.base.BaseTest" name="@AfterMethod tearDown" time="0.0">
    <skipped/>
  </testcase> <!-- @AfterMethod tearDown -->
  <testcase classname="com.erp.base.BaseTest" name="@BeforeMethod setup" time="0.0">
    <skipped/>
  </testcase> <!-- @BeforeMethod setup -->
  <testcase classname="com.erp.Signup" name="@BeforeMethod goToSignupPage" time="0.0">
    <skipped/>
  </testcase> <!-- @BeforeMethod goToSignupPage -->
  <testcase classname="com.erp.base.BaseTest" name="@AfterMethod tearDown" time="0.0">
    <skipped/>
  </testcase> <!-- @AfterMethod tearDown -->
  <testcase classname="com.erp.base.BaseTest" name="@BeforeMethod setup" time="0.0">
    <skipped/>
  </testcase> <!-- @BeforeMethod setup -->
  <testcase classname="com.erp.Signup" name="@BeforeMethod goToSignupPage" time="0.0">
    <skipped/>
  </testcase> <!-- @BeforeMethod goToSignupPage -->
  <testcase classname="com.erp.base.BaseTest" name="@AfterMethod tearDown" time="0.0">
    <skipped/>
  </testcase> <!-- @AfterMethod tearDown -->
  <testcase classname="com.erp.base.BaseTest" name="@BeforeMethod setup" time="0.0">
    <skipped/>
  </testcase> <!-- @BeforeMethod setup -->
  <testcase classname="com.erp.Signup" name="@BeforeMethod goToSignupPage" time="0.0">
    <skipped/>
  </testcase> <!-- @BeforeMethod goToSignupPage -->
  <testcase classname="com.erp.base.BaseTest" name="@AfterMethod tearDown" time="0.0">
    <skipped/>
  </testcase> <!-- @AfterMethod tearDown -->
  <testcase classname="com.erp.base.BaseTest" name="@BeforeMethod setup" time="0.0">
    <skipped/>
  </testcase> <!-- @BeforeMethod setup -->
  <testcase classname="com.erp.Signup" name="@BeforeMethod goToSignupPage" time="0.0">
    <skipped/>
  </testcase> <!-- @BeforeMethod goToSignupPage -->
  <testcase classname="com.erp.base.BaseTest" name="@AfterMethod tearDown" time="0.0">
    <skipped/>
  </testcase> <!-- @AfterMethod tearDown -->
  <testcase classname="com.erp.base.BaseTest" name="@BeforeMethod setup" time="0.0">
    <skipped/>
  </testcase> <!-- @BeforeMethod setup -->
  <testcase classname="com.erp.Signup" name="@BeforeMethod goToSignupPage" time="0.0">
    <skipped/>
  </testcase> <!-- @BeforeMethod goToSignupPage -->
  <testcase classname="com.erp.base.BaseTest" name="@AfterMethod tearDown" time="0.0">
    <skipped/>
  </testcase> <!-- @AfterMethod tearDown -->
  <testcase classname="com.erp.base.BaseTest" name="@BeforeMethod setup" time="0.0">
    <skipped/>
  </testcase> <!-- @BeforeMethod setup -->
  <testcase classname="com.erp.Signup" name="@BeforeMethod goToSignupPage" time="0.0">
    <skipped/>
  </testcase> <!-- @BeforeMethod goToSignupPage -->
  <testcase classname="com.erp.base.BaseTest" name="@AfterMethod tearDown" time="0.0">
    <skipped/>
  </testcase> <!-- @AfterMethod tearDown -->
  <testcase classname="com.erp.base.BaseTest" name="@BeforeMethod setup" time="0.0">
    <skipped/>
  </testcase> <!-- @BeforeMethod setup -->
  <testcase classname="com.erp.Signup" name="@BeforeMethod goToSignupPage" time="0.0">
    <skipped/>
  </testcase> <!-- @BeforeMethod goToSignupPage -->
  <testcase classname="com.erp.base.BaseTest" name="@AfterMethod tearDown" time="0.0">
    <skipped/>
  </testcase> <!-- @AfterMethod tearDown -->
  <testcase classname="com.erp.base.BaseTest" name="@BeforeMethod setup" time="0.0">
    <skipped/>
  </testcase> <!-- @BeforeMethod setup -->
  <testcase classname="com.erp.Signup" name="@BeforeMethod goToSignupPage" time="0.0">
    <skipped/>
  </testcase> <!-- @BeforeMethod goToSignupPage -->
  <testcase classname="com.erp.base.BaseTest" name="@AfterMethod tearDown" time="0.0">
    <skipped/>
  </testcase> <!-- @AfterMethod tearDown -->
  <testcase classname="com.erp.base.BaseTest" name="@BeforeMethod setup" time="0.0">
    <skipped/>
  </testcase> <!-- @BeforeMethod setup -->
  <testcase classname="com.erp.Signup" name="@BeforeMethod goToSignupPage" time="0.0">
    <skipped/>
  </testcase> <!-- @BeforeMethod goToSignupPage -->
  <testcase classname="com.erp.base.BaseTest" name="@AfterMethod tearDown" time="0.0">
    <skipped/>
  </testcase> <!-- @AfterMethod tearDown -->
  <testcase classname="com.erp.base.BaseTest" name="@BeforeMethod setup" time="0.0">
    <skipped/>
  </testcase> <!-- @BeforeMethod setup -->
  <testcase classname="com.erp.Signup" name="@BeforeMethod goToSignupPage" time="0.0">
    <skipped/>
  </testcase> <!-- @BeforeMethod goToSignupPage -->
  <testcase classname="com.erp.base.BaseTest" name="@AfterMethod tearDown" time="0.0">
    <skipped/>
  </testcase> <!-- @AfterMethod tearDown -->
  <testcase classname="com.erp.base.BaseTest" name="@BeforeMethod setup" time="0.0">
    <skipped/>
  </testcase> <!-- @BeforeMethod setup -->
  <testcase classname="com.erp.Signup" name="@BeforeMethod goToSignupPage" time="0.0">
    <skipped/>
  </testcase> <!-- @BeforeMethod goToSignupPage -->
  <testcase classname="com.erp.base.BaseTest" name="@AfterMethod tearDown" time="0.0">
    <skipped/>
  </testcase> <!-- @AfterMethod tearDown -->
  <testcase classname="com.erp.base.BaseTest" name="@BeforeMethod setup" time="0.0">
    <skipped/>
  </testcase> <!-- @BeforeMethod setup -->
  <testcase classname="com.erp.Signup" name="@BeforeMethod goToSignupPage" time="0.0">
    <skipped/>
  </testcase> <!-- @BeforeMethod goToSignupPage -->
  <testcase classname="com.erp.base.BaseTest" name="@AfterMethod tearDown" time="0.0">
    <skipped/>
  </testcase> <!-- @AfterMethod tearDown -->
  <testcase classname="com.erp.base.BaseTest" name="@BeforeMethod setup" time="0.0">
    <skipped/>
  </testcase> <!-- @BeforeMethod setup -->
  <testcase classname="com.erp.Signup" name="@BeforeMethod goToSignupPage" time="0.0">
    <skipped/>
  </testcase> <!-- @BeforeMethod goToSignupPage -->
  <testcase classname="com.erp.base.BaseTest" name="@AfterMethod tearDown" time="0.0">
    <skipped/>
  </testcase> <!-- @AfterMethod tearDown -->
  <testcase classname="com.erp.base.BaseTest" name="@BeforeMethod setup" time="0.0">
    <skipped/>
  </testcase> <!-- @BeforeMethod setup -->
  <testcase classname="com.erp.Signup" name="@BeforeMethod goToSignupPage" time="0.0">
    <skipped/>
  </testcase> <!-- @BeforeMethod goToSignupPage -->
  <testcase classname="com.erp.base.BaseTest" name="@AfterMethod tearDown" time="0.0">
    <skipped/>
  </testcase> <!-- @AfterMethod tearDown -->
  <testcase classname="com.erp.base.BaseTest" name="@BeforeMethod setup" time="0.0">
    <skipped/>
  </testcase> <!-- @BeforeMethod setup -->
  <testcase classname="com.erp.Signup" name="@BeforeMethod goToSignupPage" time="0.0">
    <skipped/>
  </testcase> <!-- @BeforeMethod goToSignupPage -->
  <testcase classname="com.erp.base.BaseTest" name="@AfterMethod tearDown" time="0.0">
    <skipped/>
  </testcase> <!-- @AfterMethod tearDown -->
  <testcase classname="com.erp.base.BaseTest" name="@BeforeMethod setup" time="0.0">
    <skipped/>
  </testcase> <!-- @BeforeMethod setup -->
  <testcase classname="com.erp.Signup" name="@BeforeMethod goToSignupPage" time="0.0">
    <skipped/>
  </testcase> <!-- @BeforeMethod goToSignupPage -->
  <testcase classname="com.erp.base.BaseTest" name="@AfterMethod tearDown" time="0.0">
    <skipped/>
  </testcase> <!-- @AfterMethod tearDown -->
  <testcase classname="com.erp.base.BaseTest" name="@BeforeMethod setup" time="0.0">
    <skipped/>
  </testcase> <!-- @BeforeMethod setup -->
  <testcase classname="com.erp.Signup" name="@BeforeMethod goToSignupPage" time="0.0">
    <skipped/>
  </testcase> <!-- @BeforeMethod goToSignupPage -->
  <testcase classname="com.erp.base.BaseTest" name="@AfterMethod tearDown" time="0.0">
    <skipped/>
  </testcase> <!-- @AfterMethod tearDown -->
  <testcase classname="com.erp.base.BaseTest" name="@BeforeMethod setup" time="0.0">
    <skipped/>
  </testcase> <!-- @BeforeMethod setup -->
  <testcase classname="com.erp.Signup" name="@BeforeMethod goToSignupPage" time="0.0">
    <skipped/>
  </testcase> <!-- @BeforeMethod goToSignupPage -->
  <testcase classname="com.erp.base.BaseTest" name="@AfterMethod tearDown" time="0.0">
    <skipped/>
  </testcase> <!-- @AfterMethod tearDown -->
  <testcase classname="com.erp.base.BaseTest" name="@BeforeMethod setup" time="0.0">
    <skipped/>
  </testcase> <!-- @BeforeMethod setup -->
  <testcase classname="com.erp.Signup" name="@BeforeMethod goToSignupPage" time="0.0">
    <skipped/>
  </testcase> <!-- @BeforeMethod goToSignupPage -->
  <testcase classname="com.erp.base.BaseTest" name="@AfterMethod tearDown" time="0.0">
    <skipped/>
  </testcase> <!-- @AfterMethod tearDown -->
  <testcase classname="com.erp.base.BaseTest" name="@BeforeMethod setup" time="0.0">
    <skipped/>
  </testcase> <!-- @BeforeMethod setup -->
  <testcase classname="com.erp.Signup" name="@BeforeMethod goToSignupPage" time="0.0">
    <skipped/>
  </testcase> <!-- @BeforeMethod goToSignupPage -->
  <testcase classname="com.erp.base.BaseTest" name="@AfterMethod tearDown" time="0.0">
    <skipped/>
  </testcase> <!-- @AfterMethod tearDown -->
  <testcase classname="com.erp.base.BaseTest" name="@BeforeMethod setup" time="0.0">
    <skipped/>
  </testcase> <!-- @BeforeMethod setup -->
  <testcase classname="com.erp.Signup" name="@BeforeMethod goToSignupPage" time="0.0">
    <skipped/>
  </testcase> <!-- @BeforeMethod goToSignupPage -->
  <testcase classname="com.erp.base.BaseTest" name="@AfterMethod tearDown" time="0.0">
    <skipped/>
  </testcase> <!-- @AfterMethod tearDown -->
  <testcase classname="com.erp.base.BaseTest" name="@BeforeMethod setup" time="0.0">
    <skipped/>
  </testcase> <!-- @BeforeMethod setup -->
  <testcase classname="com.erp.Signup" name="@BeforeMethod goToSignupPage" time="0.0">
    <skipped/>
  </testcase> <!-- @BeforeMethod goToSignupPage -->
  <testcase classname="com.erp.base.BaseTest" name="@AfterMethod tearDown" time="0.0">
    <skipped/>
  </testcase> <!-- @AfterMethod tearDown -->
  <testcase classname="com.erp.base.BaseTest" name="@BeforeMethod setup" time="0.0">
    <skipped/>
  </testcase> <!-- @BeforeMethod setup -->
  <testcase classname="com.erp.Signup" name="@BeforeMethod goToSignupPage" time="0.0">
    <skipped/>
  </testcase> <!-- @BeforeMethod goToSignupPage -->
  <testcase classname="com.erp.base.BaseTest" name="@AfterMethod tearDown" time="0.0">
    <skipped/>
  </testcase> <!-- @AfterMethod tearDown -->
  <testcase classname="com.erp.base.BaseTest" name="@BeforeMethod setup" time="0.0">
    <skipped/>
  </testcase> <!-- @BeforeMethod setup -->
  <testcase classname="com.erp.Signup" name="@BeforeMethod goToSignupPage" time="0.0">
    <skipped/>
  </testcase> <!-- @BeforeMethod goToSignupPage -->
  <testcase classname="com.erp.base.BaseTest" name="@AfterMethod tearDown" time="0.0">
    <skipped/>
  </testcase> <!-- @AfterMethod tearDown -->
  <testcase classname="com.erp.base.BaseTest" name="@BeforeMethod setup" time="0.0">
    <skipped/>
  </testcase> <!-- @BeforeMethod setup -->
  <testcase classname="com.erp.Signup" name="@BeforeMethod goToSignupPage" time="0.0">
    <skipped/>
  </testcase> <!-- @BeforeMethod goToSignupPage -->
  <testcase classname="com.erp.base.BaseTest" name="@AfterMethod tearDown" time="0.0">
    <skipped/>
  </testcase> <!-- @AfterMethod tearDown -->
  <testcase classname="com.erp.base.BaseTest" name="@BeforeMethod setup" time="0.0">
    <skipped/>
  </testcase> <!-- @BeforeMethod setup -->
  <testcase classname="com.erp.Signup" name="@BeforeMethod goToSignupPage" time="0.0">
    <skipped/>
  </testcase> <!-- @BeforeMethod goToSignupPage -->
  <testcase classname="com.erp.base.BaseTest" name="@AfterMethod tearDown" time="0.0">
    <skipped/>
  </testcase> <!-- @AfterMethod tearDown -->
  <testcase classname="com.erp.base.BaseTest" name="@BeforeMethod setup" time="0.0">
    <skipped/>
  </testcase> <!-- @BeforeMethod setup -->
  <testcase classname="com.erp.Signup" name="@BeforeMethod goToSignupPage" time="0.0">
    <skipped/>
  </testcase> <!-- @BeforeMethod goToSignupPage -->
  <testcase classname="com.erp.base.BaseTest" name="@AfterMethod tearDown" time="0.0">
    <skipped/>
  </testcase> <!-- @AfterMethod tearDown -->
  <testcase classname="com.erp.base.BaseTest" name="@BeforeMethod setup" time="0.0">
    <skipped/>
  </testcase> <!-- @BeforeMethod setup -->
  <testcase classname="com.erp.Signup" name="@BeforeMethod goToSignupPage" time="0.0">
    <skipped/>
  </testcase> <!-- @BeforeMethod goToSignupPage -->
  <testcase classname="com.erp.base.BaseTest" name="@AfterMethod tearDown" time="0.0">
    <skipped/>
  </testcase> <!-- @AfterMethod tearDown -->
  <testcase classname="com.erp.base.BaseTest" name="@BeforeMethod setup" time="0.0">
    <skipped/>
  </testcase> <!-- @BeforeMethod setup -->
  <testcase classname="com.erp.Signup" name="@BeforeMethod goToSignupPage" time="0.0">
    <skipped/>
  </testcase> <!-- @BeforeMethod goToSignupPage -->
  <testcase classname="com.erp.base.BaseTest" name="@AfterMethod tearDown" time="0.0">
    <skipped/>
  </testcase> <!-- @AfterMethod tearDown -->
  <testcase classname="com.erp.base.BaseTest" name="@BeforeMethod setup" time="0.0">
    <skipped/>
  </testcase> <!-- @BeforeMethod setup -->
  <testcase classname="com.erp.Signup" name="@BeforeMethod goToSignupPage" time="0.0">
    <skipped/>
  </testcase> <!-- @BeforeMethod goToSignupPage -->
  <testcase classname="com.erp.base.BaseTest" name="@AfterMethod tearDown" time="0.0">
    <skipped/>
  </testcase> <!-- @AfterMethod tearDown -->
  <testcase classname="com.erp.base.BaseTest" name="@BeforeMethod setup" time="0.0">
    <skipped/>
  </testcase> <!-- @BeforeMethod setup -->
  <testcase classname="com.erp.Signup" name="@BeforeMethod goToSignupPage" time="0.0">
    <skipped/>
  </testcase> <!-- @BeforeMethod goToSignupPage -->
  <testcase classname="com.erp.base.BaseTest" name="@AfterMethod tearDown" time="0.0">
    <skipped/>
  </testcase> <!-- @AfterMethod tearDown -->
  <testcase classname="com.erp.base.BaseTest" name="@BeforeMethod setup" time="0.0">
    <skipped/>
  </testcase> <!-- @BeforeMethod setup -->
  <testcase classname="com.erp.Signup" name="@BeforeMethod goToSignupPage" time="0.0">
    <skipped/>
  </testcase> <!-- @BeforeMethod goToSignupPage -->
  <testcase classname="com.erp.base.BaseTest" name="@AfterMethod tearDown" time="0.0">
    <skipped/>
  </testcase> <!-- @AfterMethod tearDown -->
  <testcase classname="com.erp.base.BaseTest" name="@BeforeMethod setup" time="0.0">
    <skipped/>
  </testcase> <!-- @BeforeMethod setup -->
  <testcase classname="com.erp.Signup" name="@BeforeMethod goToSignupPage" time="0.0">
    <skipped/>
  </testcase> <!-- @BeforeMethod goToSignupPage -->
  <testcase classname="com.erp.base.BaseTest" name="@AfterMethod tearDown" time="0.0">
    <skipped/>
  </testcase> <!-- @AfterMethod tearDown -->
  <testcase classname="com.erp.base.BaseTest" name="@BeforeMethod setup" time="0.0">
    <skipped/>
  </testcase> <!-- @BeforeMethod setup -->
  <testcase classname="com.erp.Signup" name="@BeforeMethod goToSignupPage" time="0.0">
    <skipped/>
  </testcase> <!-- @BeforeMethod goToSignupPage -->
  <testcase classname="com.erp.base.BaseTest" name="@AfterMethod tearDown" time="0.0">
    <skipped/>
  </testcase> <!-- @AfterMethod tearDown -->
  <testcase classname="com.erp.base.BaseTest" name="@BeforeMethod setup" time="0.0">
    <skipped/>
  </testcase> <!-- @BeforeMethod setup -->
  <testcase classname="com.erp.Signup" name="@BeforeMethod goToSignupPage" time="0.0">
    <skipped/>
  </testcase> <!-- @BeforeMethod goToSignupPage -->
  <testcase classname="com.erp.base.BaseTest" name="@AfterMethod tearDown" time="0.0">
    <skipped/>
  </testcase> <!-- @AfterMethod tearDown -->
  <testcase classname="com.erp.base.BaseTest" name="@BeforeMethod setup" time="0.0">
    <skipped/>
  </testcase> <!-- @BeforeMethod setup -->
  <testcase classname="com.erp.Signup" name="@BeforeMethod goToSignupPage" time="0.0">
    <skipped/>
  </testcase> <!-- @BeforeMethod goToSignupPage -->
  <testcase classname="com.erp.base.BaseTest" name="@AfterMethod tearDown" time="0.0">
    <skipped/>
  </testcase> <!-- @AfterMethod tearDown -->
  <testcase classname="com.erp.base.BaseTest" name="@BeforeMethod setup" time="0.0">
    <skipped/>
  </testcase> <!-- @BeforeMethod setup -->
  <testcase classname="com.erp.Signup" name="@BeforeMethod goToSignupPage" time="0.0">
    <skipped/>
  </testcase> <!-- @BeforeMethod goToSignupPage -->
  <testcase classname="com.erp.base.BaseTest" name="@AfterMethod tearDown" time="0.0">
    <skipped/>
  </testcase> <!-- @AfterMethod tearDown -->
  <testcase classname="com.erp.base.BaseTest" name="@BeforeMethod setup" time="0.0">
    <skipped/>
  </testcase> <!-- @BeforeMethod setup -->
  <testcase classname="com.erp.Signup" name="@BeforeMethod goToSignupPage" time="0.0">
    <skipped/>
  </testcase> <!-- @BeforeMethod goToSignupPage -->
  <testcase classname="com.erp.base.BaseTest" name="@AfterMethod tearDown" time="0.0">
    <skipped/>
  </testcase> <!-- @AfterMethod tearDown -->
  <testcase classname="com.erp.base.BaseTest" name="@BeforeMethod setup" time="0.0">
    <skipped/>
  </testcase> <!-- @BeforeMethod setup -->
  <testcase classname="com.erp.Signup" name="@BeforeMethod goToSignupPage" time="0.0">
    <skipped/>
  </testcase> <!-- @BeforeMethod goToSignupPage -->
  <testcase classname="com.erp.base.BaseTest" name="@AfterMethod tearDown" time="0.0">
    <skipped/>
  </testcase> <!-- @AfterMethod tearDown -->
  <testcase classname="com.erp.base.BaseTest" name="@BeforeMethod setup" time="0.0">
    <skipped/>
  </testcase> <!-- @BeforeMethod setup -->
  <testcase classname="com.erp.Signup" name="@BeforeMethod goToSignupPage" time="0.0">
    <skipped/>
  </testcase> <!-- @BeforeMethod goToSignupPage -->
  <testcase classname="com.erp.base.BaseTest" name="@AfterMethod tearDown" time="0.0">
    <skipped/>
  </testcase> <!-- @AfterMethod tearDown -->
  <testcase classname="com.erp.base.BaseTest" name="@BeforeMethod setup" time="0.0">
    <skipped/>
  </testcase> <!-- @BeforeMethod setup -->
  <testcase classname="com.erp.Signup" name="@BeforeMethod goToSignupPage" time="0.0">
    <skipped/>
  </testcase> <!-- @BeforeMethod goToSignupPage -->
  <testcase classname="com.erp.base.BaseTest" name="@AfterMethod tearDown" time="0.0">
    <skipped/>
  </testcase> <!-- @AfterMethod tearDown -->
  <testcase classname="com.erp.Signup" name="TC_011_verifySignupFormLoads" time="0.001">
    <skipped/>
  </testcase> <!-- TC_011_verifySignupFormLoads -->
  <testcase classname="com.erp.Signup" name="TC_012_verifyFirstNameValidInput" time="0.0">
    <skipped/>
  </testcase> <!-- TC_012_verifyFirstNameValidInput -->
  <testcase classname="com.erp.Signup" name="TC_013_verifyFirstNameInvalidInput" time="0.0">
    <skipped/>
  </testcase> <!-- TC_013_verifyFirstNameInvalidInput -->
  <testcase classname="com.erp.Signup" name="TC_014_verifyLastNameValid" time="0.005">
    <skipped/>
  </testcase> <!-- TC_014_verifyLastNameValid -->
  <testcase classname="com.erp.Signup" name="TC_015_verifyMiddleNameOptional" time="0.0">
    <skipped/>
  </testcase> <!-- TC_015_verifyMiddleNameOptional -->
  <testcase classname="com.erp.Signup" name="TC_016_verifyValidEmail" time="0.0">
    <skipped/>
  </testcase> <!-- TC_016_verifyValidEmail -->
  <testcase classname="com.erp.Signup" name="TC_017_verifyInvalidEmail" time="0.001">
    <skipped/>
  </testcase> <!-- TC_017_verifyInvalidEmail -->
  <testcase classname="com.erp.Signup" name="TC_018_verifyDuplicateEmail" time="0.0">
    <skipped/>
  </testcase> <!-- TC_018_verifyDuplicateEmail -->
  <testcase classname="com.erp.Signup" name="TC_019_verifyValidPhone" time="0.0">
    <skipped/>
  </testcase> <!-- TC_019_verifyValidPhone -->
  <testcase classname="com.erp.Signup" name="TC_020_verifyInvalidPhone" time="0.001">
    <skipped/>
  </testcase> <!-- TC_020_verifyInvalidPhone -->
  <testcase classname="com.erp.Signup" name="TC_021_verifyValidDOB" time="0.0">
    <skipped/>
  </testcase> <!-- TC_021_verifyValidDOB -->
  <testcase classname="com.erp.Signup" name="TC_022_verifyFutureDOB" time="0.0">
    <skipped/>
  </testcase> <!-- TC_022_verifyFutureDOB -->
  <testcase classname="com.erp.Signup" name="TC_023_verifyMinimumAge" time="0.0">
    <skipped/>
  </testcase> <!-- TC_023_verifyMinimumAge -->
  <testcase classname="com.erp.Signup" name="TC_024_verifyGenderSelection" time="0.0">
    <skipped/>
  </testcase> <!-- TC_024_verifyGenderSelection -->
  <testcase classname="com.erp.Signup" name="TC_025_verifyCountryDropdown" time="0.0">
    <skipped/>
  </testcase> <!-- TC_025_verifyCountryDropdown -->
  <testcase classname="com.erp.Signup" name="TC_026_verifyStreetAddress" time="0.0">
    <skipped/>
  </testcase> <!-- TC_026_verifyStreetAddress -->
  <testcase classname="com.erp.Signup" name="TC_027_verifyCityValidation" time="0.0">
    <skipped/>
  </testcase> <!-- TC_027_verifyCityValidation -->
  <testcase classname="com.erp.Signup" name="TC_028_verifyStateValidation" time="0.0">
    <skipped/>
  </testcase> <!-- TC_028_verifyStateValidation -->
  <testcase classname="com.erp.Signup" name="TC_029_postalCodeValidation" time="0.0">
    <skipped/>
  </testcase> <!-- TC_029_postalCodeValidation -->
  <testcase classname="com.erp.Signup" name="TC_030_countrySelection" time="0.0">
    <skipped/>
  </testcase> <!-- TC_030_countrySelection -->
  <testcase classname="com.erp.Signup" name="TC_031_mandatoryFieldValidation" time="0.0">
    <skipped/>
  </testcase> <!-- TC_031_mandatoryFieldValidation -->
  <testcase classname="com.erp.Signup" name="TC_032_successfulSignup" time="0.0">
    <skipped/>
  </testcase> <!-- TC_032_successfulSignup -->
  <testcase classname="com.erp.Signup" name="TC_034_signupResponsive" time="0.0">
    <skipped/>
  </testcase> <!-- TC_034_signupResponsive -->
  <testcase classname="com.erp.Signup" name="TC_035_identityPageLoad" time="0.0">
    <skipped/>
  </testcase> <!-- TC_035_identityPageLoad -->
  <testcase classname="com.erp.Signup" name="TC_036_jpgUpload" time="0.0">
    <skipped/>
  </testcase> <!-- TC_036_jpgUpload -->
  <testcase classname="com.erp.Signup" name="TC_037_pngUpload" time="0.0">
    <skipped/>
  </testcase> <!-- TC_037_pngUpload -->
  <testcase classname="com.erp.Signup" name="TC_038_pdfUpload" time="0.0">
    <skipped/>
  </testcase> <!-- TC_038_pdfUpload -->
  <testcase classname="com.erp.Signup" name="TC_039_fileSizeLimit" time="0.0">
    <skipped/>
  </testcase> <!-- TC_039_fileSizeLimit -->
  <testcase classname="com.erp.Signup" name="TC_040_unsupportedFormat" time="0.0">
    <skipped/>
  </testcase> <!-- TC_040_unsupportedFormat -->
  <testcase classname="com.erp.Signup" name="TC_041_uploadMandatory" time="0.0">
    <skipped/>
  </testcase> <!-- TC_041_uploadMandatory -->
  <testcase classname="com.erp.Signup" name="TC_042_removeReupload" time="0.0">
    <skipped/>
  </testcase> <!-- TC_042_removeReupload -->
  <testcase classname="com.erp.Signup" name="TC_043_filePreview" time="0.0">
    <skipped/>
  </testcase> <!-- TC_043_filePreview -->
  <testcase classname="com.erp.Signup" name="TC_044_biometricComingSoon" time="0.0">
    <skipped/>
  </testcase> <!-- TC_044_biometricComingSoon -->
  <testcase classname="com.erp.Signup" name="TC_045_biometricDisabled" time="0.0">
    <skipped/>
  </testcase> <!-- TC_045_biometricDisabled -->
  <testcase classname="com.erp.Signup" name="TC_046_identitySubmit" time="0.0">
    <skipped/>
  </testcase> <!-- TC_046_identitySubmit -->
  <testcase classname="com.erp.Signup" name="TC_048_unauthorizedIdentityAccess" time="0.0">
    <skipped/>
  </testcase> <!-- TC_048_unauthorizedIdentityAccess -->
  <testcase classname="com.erp.Signup" name="TC_052_termsVisible" time="0.0">
    <skipped/>
  </testcase> <!-- TC_052_termsVisible -->
  <testcase classname="com.erp.Signup" name="TC_056_termsMandatory" time="0.0">
    <skipped/>
  </testcase> <!-- TC_056_termsMandatory -->
  <testcase classname="com.erp.Signup" name="TC_059_successfulFinalSubmit" time="0.0">
    <skipped/>
  </testcase> <!-- TC_059_successfulFinalSubmit -->
  <testcase classname="com.erp.Signup" name="TC_061_doubleClickPrevention" time="0.0">
    <skipped/>
  </testcase> <!-- TC_061_doubleClickPrevention -->
  <testcase classname="com.erp.Signup" name="TC_065_verificationNoticePresent" time="0.0">
    <skipped/>
  </testcase> <!-- TC_065_verificationNoticePresent -->
  <testcase classname="com.erp.Signup" name="TC_069_verificationLinkPresent" time="0.0">
    <skipped/>
  </testcase> <!-- TC_069_verificationLinkPresent -->
  <testcase classname="com.erp.Signup" name="TC_078_dashboardRestriction" time="0.0">
    <skipped/>
  </testcase> <!-- TC_078_dashboardRestriction -->
  <testcase classname="com.erp.Signup" name="TC_079_verificationResponsive" time="0.0">
    <skipped/>
  </testcase> <!-- TC_079_verificationResponsive -->
</testsuite> <!-- Signup-Chrome -->
