<?xml version="1.0" encoding="UTF-8"?>
<!-- Generated by org.testng.reporters.JUnitXMLReporter -->
<testsuite ignored="0" hostname="lz2-Lenovo-ideapad-110-15ISK" failures="0" tests="44" name="Signup-Edge" time="2.438" errors="0" timestamp="2026-03-06T12:37:14 IST">
  <testcase classname="com.erp.Signup" name="TC_011_verifySignupFormLoads" time="0.0">
    <skipped/>
  </testcase> <!-- TC_011_verifySignupFormLoads -->
  <testcase classname="com.erp.Signup" name="TC_012_verifyFirstNameValidInput" time="0.0">
    <skipped/>
  </testcase> <!-- TC_012_verifyFirstNameValidInput -->
  <testcase classname="com.erp.Signup" name="TC_013_verifyFirstNameInvalidInput" time="0.0">
    <skipped/>
  </testcase> <!-- TC_013_verifyFirstNameInvalidInput -->
  <testcase classname="com.erp.Signup" name="TC_014_verifyLastNameValid" time="0.0">
    <skipped/>
  </testcase> <!-- TC_014_verifyLastNameValid -->
  <testcase classname="com.erp.Signup" name="TC_015_verifyMiddleNameOptional" time="0.0">
    <skipped/>
  </testcase> <!-- TC_015_verifyMiddleNameOptional -->
  <testcase classname="com.erp.Signup" name="TC_016_verifyValidEmail" time="0.001">
    <skipped/>
  </testcase> <!-- TC_016_verifyValidEmail -->
  <testcase classname="com.erp.Signup" name="TC_017_verifyInvalidEmail" time="0.0">
    <skipped/>
  </testcase> <!-- TC_017_verifyInvalidEmail -->
  <testcase classname="com.erp.Signup" name="TC_018_verifyDuplicateEmail" time="0.0">
    <skipped/>
  </testcase> <!-- TC_018_verifyDuplicateEmail -->
  <testcase classname="com.erp.Signup" name="TC_019_verifyValidPhone" time="0.0">
    <skipped/>
  </testcase> <!-- TC_019_verifyValidPhone -->
  <testcase classname="com.erp.Signup" name="TC_020_verifyInvalidPhone" time="0.0">
    <skipped/>
  </testcase> <!-- TC_020_verifyInvalidPhone -->
  <testcase classname="com.erp.Signup" name="TC_021_verifyValidDOB" time="0.0">
    <skipped/>
  </testcase> <!-- TC_021_verifyValidDOB -->
  <testcase classname="com.erp.Signup" name="TC_022_verifyFutureDOB" time="0.0">
    <skipped/>
  </testcase> <!-- TC_022_verifyFutureDOB -->
  <testcase classname="com.erp.Signup" name="TC_023_verifyMinimumAge" time="0.001">
    <skipped/>
  </testcase> <!-- TC_023_verifyMinimumAge -->
  <testcase classname="com.erp.Signup" name="TC_024_verifyGenderSelection" time="0.0">
    <skipped/>
  </testcase> <!-- TC_024_verifyGenderSelection -->
  <testcase classname="com.erp.Signup" name="TC_025_verifyCountryDropdown" time="0.0">
    <skipped/>
  </testcase> <!-- TC_025_verifyCountryDropdown -->
  <testcase classname="com.erp.Signup" name="TC_026_verifyStreetAddress" time="0.0">
    <skipped/>
  </testcase> <!-- TC_026_verifyStreetAddress -->
  <testcase classname="com.erp.Signup" name="TC_027_verifyCityValidation" time="0.0">
    <skipped/>
  </testcase> <!-- TC_027_verifyCityValidation -->
  <testcase classname="com.erp.Signup" name="TC_028_verifyStateValidation" time="0.0">
    <skipped/>
  </testcase> <!-- TC_028_verifyStateValidation -->
  <testcase classname="com.erp.Signup" name="TC_029_postalCodeValidation" time="0.0">
    <skipped/>
  </testcase> <!-- TC_029_postalCodeValidation -->
  <testcase classname="com.erp.Signup" name="TC_030_countrySelection" time="0.0">
    <skipped/>
  </testcase> <!-- TC_030_countrySelection -->
  <testcase classname="com.erp.Signup" name="TC_031_mandatoryFieldValidation" time="0.0">
    <skipped/>
  </testcase> <!-- TC_031_mandatoryFieldValidation -->
  <testcase classname="com.erp.Signup" name="TC_032_successfulSignup" time="0.0">
    <skipped/>
  </testcase> <!-- TC_032_successfulSignup -->
  <testcase classname="com.erp.Signup" name="TC_034_signupResponsive" time="0.0">
    <skipped/>
  </testcase> <!-- TC_034_signupResponsive -->
  <testcase classname="com.erp.Signup" name="TC_035_identityPageLoad" time="0.0">
    <skipped/>
  </testcase> <!-- TC_035_identityPageLoad -->
  <testcase classname="com.erp.Signup" name="TC_036_jpgUpload" time="0.0">
    <skipped/>
  </testcase> <!-- TC_036_jpgUpload -->
  <testcase classname="com.erp.Signup" name="TC_037_pngUpload" time="0.0">
    <skipped/>
  </testcase> <!-- TC_037_pngUpload -->
  <testcase classname="com.erp.Signup" name="TC_038_pdfUpload" time="0.0">
    <skipped/>
  </testcase> <!-- TC_038_pdfUpload -->
  <testcase classname="com.erp.Signup" name="TC_039_fileSizeLimit" time="0.0">
    <skipped/>
  </testcase> <!-- TC_039_fileSizeLimit -->
  <testcase classname="com.erp.Signup" name="TC_040_unsupportedFormat" time="0.0">
    <skipped/>
  </testcase> <!-- TC_040_unsupportedFormat -->
  <testcase classname="com.erp.Signup" name="TC_041_uploadMandatory" time="0.0">
    <skipped/>
  </testcase> <!-- TC_041_uploadMandatory -->
  <testcase classname="com.erp.Signup" name="TC_042_removeReupload" time="0.0">
    <skipped/>
  </testcase> <!-- TC_042_removeReupload -->
  <testcase classname="com.erp.Signup" name="TC_043_filePreview" time="0.0">
    <skipped/>
  </testcase> <!-- TC_043_filePreview -->
  <testcase classname="com.erp.Signup" name="TC_044_biometricComingSoon" time="0.0">
    <skipped/>
  </testcase> <!-- TC_044_biometricComingSoon -->
  <testcase classname="com.erp.Signup" name="TC_045_biometricDisabled" time="0.0">
    <skipped/>
  </testcase> <!-- TC_045_biometricDisabled -->
  <testcase classname="com.erp.Signup" name="TC_046_identitySubmit" time="0.0">
    <skipped/>
  </testcase> <!-- TC_046_identitySubmit -->
  <testcase classname="com.erp.Signup" name="TC_048_unauthorizedIdentityAccess" time="0.0">
    <skipped/>
  </testcase> <!-- TC_048_unauthorizedIdentityAccess -->
  <testcase classname="com.erp.Signup" name="TC_052_termsVisible" time="0.0">
    <skipped/>
  </testcase> <!-- TC_052_termsVisible -->
  <testcase classname="com.erp.Signup" name="TC_056_termsMandatory" time="0.0">
    <skipped/>
  </testcase> <!-- TC_056_termsMandatory -->
  <testcase classname="com.erp.Signup" name="TC_059_successfulFinalSubmit" time="0.0">
    <skipped/>
  </testcase> <!-- TC_059_successfulFinalSubmit -->
  <testcase classname="com.erp.Signup" name="TC_061_doubleClickPrevention" time="0.0">
    <skipped/>
  </testcase> <!-- TC_061_doubleClickPrevention -->
  <testcase classname="com.erp.Signup" name="TC_065_verificationNoticePresent" time="0.0">
    <skipped/>
  </testcase> <!-- TC_065_verificationNoticePresent -->
  <testcase classname="com.erp.Signup" name="TC_069_verificationLinkPresent" time="0.0">
    <skipped/>
  </testcase> <!-- TC_069_verificationLinkPresent -->
  <testcase classname="com.erp.Signup" name="TC_078_dashboardRestriction" time="0.0">
    <skipped/>
  </testcase> <!-- TC_078_dashboardRestriction -->
  <testcase classname="com.erp.Signup" name="TC_079_verificationResponsive" time="0.0">
    <skipped/>
  </testcase> <!-- TC_079_verificationResponsive -->
</testsuite> <!-- Signup-Edge -->
